<?xml version="1.0" encoding="UTF-8"?>
<coverage generated="1767530095254" clover="3.2.0">
  <project timestamp="1767530095254" name="All files">
    <metrics statements="71" coveredstatements="67" conditionals="8" coveredconditionals="6" methods="2" coveredmethods="2" elements="81" coveredelements="75" complexity="0" loc="71" ncloc="71" packages="2" files="2" classes="2"/>
    <package name="components.authentication">
      <metrics statements="71" coveredstatements="67" conditionals="8" coveredconditionals="6" methods="2" coveredmethods="2"/>
      <file name="RegisterForm.tsx" path="/app/src/components/authentication/RegisterForm.tsx">
        <metrics statements="71" coveredstatements="67" conditionals="8" coveredconditionals="6" methods="2" coveredmethods="2"/>
        <line num="1" count="1" type="stmt"/>
        <line num="9" count="1" type="cond" truecount="1" falsecount="0"/>
        <line num="11" count="16" type="stmt"/>
        <line num="12" count="16" type="stmt"/>
        <line num="13" count="16" type="stmt"/>
        <line num="14" count="16" type="stmt"/>
        <line num="15" count="16" type="stmt"/>
        <line num="16" count="16" type="stmt"/>
        <line num="18" count="16" type="stmt"/>
        <line num="20" count="16" type="cond" truecount="1" falsecount="0"/>
        <line num="21" count="2" type="stmt"/>
        <line num="22" count="2" type="stmt"/>
        <line num="23" count="2" type="stmt"/>
        <line num="24" count="2" type="stmt"/>
        <line num="25" count="2" type="stmt"/>
        <line num="26" count="2" type="cond" truecount="1" falsecount="0"/>
        <line num="28" count="2" type="cond" truecount="0" falsecount="1"/>
        <line num="29" count="0" type="stmt"/>
        <line num="30" count="0" type="cond" truecount="1" falsecount="0"/>
        <line num="31" count="1" type="stmt"/>
        <line num="33" count="2" type="cond" truecount="0" falsecount="1"/>
        <line num="34" count="0" type="stmt"/>
        <line num="35" count="0" type="stmt"/>
        <line num="36" count="2" type="stmt"/>
        <line num="38" count="16" type="stmt"/>
        <line num="39" count="16" type="stmt"/>
        <line num="40" count="16" type="stmt"/>
        <line num="41" count="16" type="stmt"/>
        <line num="42" count="16" type="stmt"/>
        <line num="43" count="16" type="stmt"/>
        <line num="44" count="16" type="stmt"/>
        <line num="45" count="16" type="stmt"/>
        <line num="46" count="16" type="stmt"/>
        <line num="47" count="16" type="stmt"/>
        <line num="48" count="16" type="stmt"/>
        <line num="50" count="16" type="stmt"/>
        <line num="51" count="16" type="stmt"/>
        <line num="52" count="16" type="stmt"/>
        <line num="53" count="16" type="stmt"/>
        <line num="54" count="16" type="stmt"/>
        <line num="55" count="16" type="stmt"/>
        <line num="57" count="16" type="stmt"/>
        <line num="58" count="16" type="stmt"/>
        <line num="59" count="16" type="stmt"/>
        <line num="60" count="16" type="stmt"/>
        <line num="61" count="16" type="stmt"/>
        <line num="62" count="16" type="stmt"/>
        <line num="64" count="16" type="stmt"/>
        <line num="65" count="16" type="stmt"/>
        <line num="66" count="16" type="stmt"/>
        <line num="67" count="16" type="stmt"/>
        <line num="68" count="16" type="stmt"/>
        <line num="69" count="16" type="stmt"/>
        <line num="71" count="16" type="stmt"/>
        <line num="72" count="16" type="stmt"/>
        <line num="73" count="16" type="stmt"/>
        <line num="74" count="16" type="stmt"/>
        <line num="75" count="16" type="stmt"/>
        <line num="76" count="16" type="stmt"/>
        <line num="77" count="16" type="stmt"/>
        <line num="79" count="16" type="stmt"/>
        <line num="80" count="16" type="stmt"/>
        <line num="81" count="16" type="stmt"/>
        <line num="82" count="16" type="stmt"/>
        <line num="84" count="16" type="cond" truecount="2" falsecount="0"/>
        <line num="85" count="16" type="stmt"/>
        <line num="87" count="16" type="stmt"/>
        <line num="88" count="16" type="stmt"/>
        <line num="89" count="16" type="stmt"/>
        <line num="90" count="16" type="stmt"/>
        <line num="92" count="16" type="stmt"/>
      </file>
    </package>
    <package name="types">
      <metrics statements="0" coveredstatements="0" conditionals="0" coveredconditionals="0" methods="0" coveredmethods="0"/>
      <file name="authTypes.ts" path="/app/src/types/authTypes.ts">
        <metrics statements="0" coveredstatements="0" conditionals="0" coveredconditionals="0" methods="0" coveredmethods="0"/>
      </file>
    </package>
  </project>
</coverage>
